android/app/build/intermediates/manifest_merge_blame_file/debug/manifest-merger-blame-debug-report.txt
1<?xml version="1.0" encoding="utf-8"?>
2<manifest xmlns:android="http://schemas.android.com/apk/res/android"
3    package="com.fcmnotify"
4    android:versionCode="1"
5    android:versionName="1.0" >
6
7    <uses-sdk
8        android:minSdkVersion="21"
9        android:targetSdkVersion="29" />
10
11    <uses-permission android:name="android.permission.SYSTEM_ALERT_WINDOW" />
11-->src/debug/AndroidManifest.xml:5:5-77
11-->src/debug/AndroidManifest.xml:5:22-75
12    <uses-permission android:name="android.permission.INTERNET" />
12-->src/main/AndroidManifest.xml:4:5-67
12-->src/main/AndroidManifest.xml:4:22-64
13    <uses-permission android:name="android.permission.ACCESS_WIFI_STATE" />
13-->[com.facebook.flipper:flipper:0.75.1] AndroidManifest.xml:16:5-76
13-->[com.facebook.flipper:flipper:0.75.1] AndroidManifest.xml:16:22-73
14    <uses-permission android:name="android.permission.ACCESS_NETWORK_STATE" />
14-->[com.google.firebase:firebase-messaging:22.0.0] AndroidManifest.xml:22:5-79
14-->[com.google.firebase:firebase-messaging:22.0.0] AndroidManifest.xml:22:22-76
15    <uses-permission android:name="android.permission.WAKE_LOCK" /> <!-- Required by older versions of Google Play services to create IID tokens -->
15-->[com.google.firebase:firebase-messaging:22.0.0] AndroidManifest.xml:23:5-68
15-->[com.google.firebase:firebase-messaging:22.0.0] AndroidManifest.xml:23:22-65
16    <uses-permission android:name="com.google.android.c2dm.permission.RECEIVE" />
16-->[com.google.firebase:firebase-messaging:22.0.0] AndroidManifest.xml:25:5-82
16-->[com.google.firebase:firebase-messaging:22.0.0] AndroidManifest.xml:25:22-79
17
18    <permission
18-->[com.pusher:push-notifications-android:1.6.2] AndroidManifest.xml:11:5-13:47
19        android:name="com.fcmnotify.permission.C2D_MESSAGE"
19-->[com.pusher:push-notifications-android:1.6.2] AndroidManifest.xml:12:9-63
20        android:protectionLevel="signature" />
20-->[com.pusher:push-notifications-android:1.6.2] AndroidManifest.xml:13:9-44
21
22    <uses-permission android:name="com.fcmnotify.permission.C2D_MESSAGE" />
22-->[com.pusher:push-notifications-android:1.6.2] AndroidManifest.xml:15:5-79
22-->[com.pusher:push-notifications-android:1.6.2] AndroidManifest.xml:15:22-76
23    <uses-permission android:name="com.google.android.finsky.permission.BIND_GET_INSTALL_REFERRER_SERVICE" />
23-->[com.google.android.gms:play-services-measurement:19.0.0] AndroidManifest.xml:26:5-110
23-->[com.google.android.gms:play-services-measurement:19.0.0] AndroidManifest.xml:26:22-107
24
25    <application
25-->src/main/AndroidManifest.xml:6:5-24:19
26        android:name="com.fcmnotify.MainApplication"
26-->src/main/AndroidManifest.xml:7:7-38
27        android:allowBackup="false"
27-->src/main/AndroidManifest.xml:11:7-34
28        android:appComponentFactory="androidx.core.app.CoreComponentFactory"
28-->[androidx.core:core:1.1.0] AndroidManifest.xml:24:18-86
29        android:debuggable="true"
30        android:fullBackupContent="@xml/backup_rules"
30-->[com.pusher:push-notifications-android:1.6.2] AndroidManifest.xml:18:18-63
31        android:icon="@mipmap/ic_launcher"
31-->src/main/AndroidManifest.xml:9:7-41
32        android:label="@string/app_name"
32-->src/main/AndroidManifest.xml:8:7-39
33        android:roundIcon="@mipmap/ic_launcher_round"
33-->src/main/AndroidManifest.xml:10:7-52
34        android:theme="@style/AppTheme"
34-->src/main/AndroidManifest.xml:12:7-38
35        android:usesCleartextTraffic="true" >
35-->src/debug/AndroidManifest.xml:8:9-44
36        <activity android:name="com.facebook.react.devsupport.DevSettingsActivity" />
36-->src/debug/AndroidManifest.xml:11:9-86
36-->src/debug/AndroidManifest.xml:11:19-83
37        <activity
37-->src/main/AndroidManifest.xml:13:7-23:18
38            android:name="com.fcmnotify.MainActivity"
38-->src/main/AndroidManifest.xml:14:9-37
39            android:configChanges="keyboard|keyboardHidden|orientation|screenSize|uiMode"
39-->src/main/AndroidManifest.xml:16:9-86
40            android:label="@string/app_name"
40-->src/main/AndroidManifest.xml:15:9-41
41            android:launchMode="singleTask"
41-->src/main/AndroidManifest.xml:17:9-40
42            android:windowSoftInputMode="adjustResize" >
42-->src/main/AndroidManifest.xml:18:9-51
43            <intent-filter>
43-->src/main/AndroidManifest.xml:19:9-22:25
44                <action android:name="android.intent.action.MAIN" />
44-->src/main/AndroidManifest.xml:20:13-65
44-->src/main/AndroidManifest.xml:20:21-62
45
46                <category android:name="android.intent.category.LAUNCHER" />
46-->src/main/AndroidManifest.xml:21:13-73
46-->src/main/AndroidManifest.xml:21:23-70
47            </intent-filter>
48        </activity>
49
50        <receiver
50-->[com.google.firebase:firebase-messaging:22.0.0] AndroidManifest.xml:28:9-35:20
51            android:name="com.google.firebase.iid.FirebaseInstanceIdReceiver"
51-->[com.google.firebase:firebase-messaging:22.0.0] AndroidManifest.xml:29:13-78
52            android:exported="true"
52-->[com.google.firebase:firebase-messaging:22.0.0] AndroidManifest.xml:30:13-36
53            android:permission="com.google.android.c2dm.permission.SEND" >
53-->[com.google.firebase:firebase-messaging:22.0.0] AndroidManifest.xml:31:13-73
54            <intent-filter>
54-->[com.google.firebase:firebase-messaging:22.0.0] AndroidManifest.xml:32:13-34:29
55                <action android:name="com.google.android.c2dm.intent.RECEIVE" />
55-->[com.google.firebase:firebase-messaging:22.0.0] AndroidManifest.xml:33:17-81
55-->[com.google.firebase:firebase-messaging:22.0.0] AndroidManifest.xml:33:25-78
56            </intent-filter>
57        </receiver>
58        <!--
59             FirebaseMessagingService performs security checks at runtime,
60             but set to not exported to explicitly avoid allowing another app to call it.
61        -->
62        <service
62-->[com.google.firebase:firebase-messaging:22.0.0] AndroidManifest.xml:41:9-48:19
63            android:name="com.google.firebase.messaging.FirebaseMessagingService"
63-->[com.google.firebase:firebase-messaging:22.0.0] AndroidManifest.xml:42:13-82
64            android:directBootAware="true"
64-->[com.google.firebase:firebase-messaging:22.0.0] AndroidManifest.xml:43:13-43
65            android:exported="false" >
65-->[com.google.firebase:firebase-messaging:22.0.0] AndroidManifest.xml:44:13-37
66            <intent-filter android:priority="-500" >
66-->[com.google.firebase:firebase-messaging:22.0.0] AndroidManifest.xml:45:13-47:29
66-->[com.google.firebase:firebase-messaging:22.0.0] AndroidManifest.xml:45:28-51
67                <action android:name="com.google.firebase.MESSAGING_EVENT" />
67-->[com.google.firebase:firebase-messaging:22.0.0] AndroidManifest.xml:46:17-78
67-->[com.google.firebase:firebase-messaging:22.0.0] AndroidManifest.xml:46:25-75
68            </intent-filter>
69        </service>
70        <service
70-->[com.google.firebase:firebase-messaging:22.0.0] AndroidManifest.xml:49:9-55:19
71            android:name="com.google.firebase.components.ComponentDiscoveryService"
71-->[com.google.firebase:firebase-messaging:22.0.0] AndroidManifest.xml:50:13-84
72            android:directBootAware="true"
72-->[com.google.firebase:firebase-common:20.0.0] AndroidManifest.xml:35:13-43
73            android:exported="false" >
73-->[com.google.firebase:firebase-messaging:22.0.0] AndroidManifest.xml:51:13-37
74            <meta-data
74-->[com.google.firebase:firebase-messaging:22.0.0] AndroidManifest.xml:52:13-54:85
75                android:name="com.google.firebase.components:com.google.firebase.messaging.FirebaseMessagingRegistrar"
75-->[com.google.firebase:firebase-messaging:22.0.0] AndroidManifest.xml:53:17-119
76                android:value="com.google.firebase.components.ComponentRegistrar" />
76-->[com.google.firebase:firebase-messaging:22.0.0] AndroidManifest.xml:54:17-82
77            <meta-data
77-->[com.google.firebase:firebase-datatransport:18.0.0] AndroidManifest.xml:28:13-30:85
78                android:name="com.google.firebase.components:com.google.firebase.datatransport.TransportRegistrar"
78-->[com.google.firebase:firebase-datatransport:18.0.0] AndroidManifest.xml:29:17-115
79                android:value="com.google.firebase.components.ComponentRegistrar" />
79-->[com.google.firebase:firebase-datatransport:18.0.0] AndroidManifest.xml:30:17-82
80            <meta-data
80-->[com.google.android.gms:play-services-measurement-api:19.0.0] AndroidManifest.xml:30:13-32:85
81                android:name="com.google.firebase.components:com.google.firebase.analytics.connector.internal.AnalyticsConnectorRegistrar"
81-->[com.google.android.gms:play-services-measurement-api:19.0.0] AndroidManifest.xml:31:17-139
82                android:value="com.google.firebase.components.ComponentRegistrar" />
82-->[com.google.android.gms:play-services-measurement-api:19.0.0] AndroidManifest.xml:32:17-82
83            <meta-data
83-->[com.google.firebase:firebase-installations:17.0.0] AndroidManifest.xml:18:13-20:85
84                android:name="com.google.firebase.components:com.google.firebase.installations.FirebaseInstallationsRegistrar"
84-->[com.google.firebase:firebase-installations:17.0.0] AndroidManifest.xml:19:17-127
85                android:value="com.google.firebase.components.ComponentRegistrar" />
85-->[com.google.firebase:firebase-installations:17.0.0] AndroidManifest.xml:20:17-82
86        </service>
87
88        <receiver
88-->[com.pusher:push-notifications-android:1.6.2] AndroidManifest.xml:19:9-28:20
89            android:name="com.pusher.pushnotifications.reporting.FCMMessageReceiver"
89-->[com.pusher:push-notifications-android:1.6.2] AndroidManifest.xml:20:13-85
90            android:exported="true"
90-->[com.pusher:push-notifications-android:1.6.2] AndroidManifest.xml:21:13-36
91            android:permission="com.google.android.c2dm.permission.SEND" >
91-->[com.pusher:push-notifications-android:1.6.2] AndroidManifest.xml:22:13-73
92            <intent-filter>
92-->[com.pusher:push-notifications-android:1.6.2] AndroidManifest.xml:23:13-27:29
93                <action android:name="com.google.android.c2dm.intent.RECEIVE" />
93-->[com.google.firebase:firebase-messaging:22.0.0] AndroidManifest.xml:33:17-81
93-->[com.google.firebase:firebase-messaging:22.0.0] AndroidManifest.xml:33:25-78
94
95                <category android:name="com.fcmnotify" />
95-->[com.pusher:push-notifications-android:1.6.2] AndroidManifest.xml:26:17-61
95-->[com.pusher:push-notifications-android:1.6.2] AndroidManifest.xml:26:27-58
96            </intent-filter>
97        </receiver>
98
99        <service
99-->[com.pusher:push-notifications-android:1.6.2] AndroidManifest.xml:30:9-37:19
100            android:name="com.pusher.pushnotifications.reporting.ReportingJobService"
100-->[com.pusher:push-notifications-android:1.6.2] AndroidManifest.xml:31:13-86
101            android:exported="true"
101-->[com.pusher:push-notifications-android:1.6.2] AndroidManifest.xml:32:13-36
102            android:permission="android.permission.BIND_JOB_SERVICE" >
102-->[com.pusher:push-notifications-android:1.6.2] AndroidManifest.xml:33:13-69
103            <intent-filter>
103-->[com.pusher:push-notifications-android:1.6.2] AndroidManifest.xml:34:13-36:29
104                <action android:name="com.firebase.jobdispatcher.ACTION_EXECUTE" />
104-->[com.pusher:push-notifications-android:1.6.2] AndroidManifest.xml:35:17-84
104-->[com.pusher:push-notifications-android:1.6.2] AndroidManifest.xml:35:25-81
105            </intent-filter>
106        </service>
107        <service android:name="com.pusher.pushnotifications.fcm.EmptyMessagingService" >
107-->[com.pusher:push-notifications-android:1.6.2] AndroidManifest.xml:38:9-42:19
107-->[com.pusher:push-notifications-android:1.6.2] AndroidManifest.xml:38:18-87
108            <intent-filter android:priority="1" >
108-->[com.google.firebase:firebase-messaging:22.0.0] AndroidManifest.xml:45:13-47:29
108-->[com.google.firebase:firebase-messaging:22.0.0] AndroidManifest.xml:45:28-51
109                <action android:name="com.google.firebase.MESSAGING_EVENT" />
109-->[com.google.firebase:firebase-messaging:22.0.0] AndroidManifest.xml:46:17-78
109-->[com.google.firebase:firebase-messaging:22.0.0] AndroidManifest.xml:46:25-75
110            </intent-filter>
111        </service>
112
113        <provider
113-->[com.pusher:push-notifications-android:1.6.2] AndroidManifest.xml:44:9-48:38
114            android:name="com.pusher.pushnotifications.internal.PushNotificationsInitProvider"
114-->[com.pusher:push-notifications-android:1.6.2] AndroidManifest.xml:45:13-95
115            android:authorities="com.fcmnotify.pushnotificationsinitprovider"
115-->[com.pusher:push-notifications-android:1.6.2] AndroidManifest.xml:46:13-81
116            android:exported="false"
116-->[com.pusher:push-notifications-android:1.6.2] AndroidManifest.xml:47:13-37
117            android:initOrder="99" />
117-->[com.pusher:push-notifications-android:1.6.2] AndroidManifest.xml:48:13-35
118
119        <activity android:name="com.pusher.pushnotifications.reporting.OpenNotificationActivity" >
119-->[com.pusher:push-notifications-android:1.6.2] AndroidManifest.xml:50:9-56:20
119-->[com.pusher:push-notifications-android:1.6.2] AndroidManifest.xml:50:19-97
120            <intent-filter>
120-->[com.pusher:push-notifications-android:1.6.2] AndroidManifest.xml:51:13-55:29
121                <action android:name="com.pusher.pushnotifications.OPEN_TRACKING" />
121-->[com.pusher:push-notifications-android:1.6.2] AndroidManifest.xml:52:17-85
121-->[com.pusher:push-notifications-android:1.6.2] AndroidManifest.xml:52:25-82
122
123                <category android:name="android.intent.category.DEFAULT" />
123-->[com.pusher:push-notifications-android:1.6.2] AndroidManifest.xml:54:17-76
123-->[com.pusher:push-notifications-android:1.6.2] AndroidManifest.xml:54:27-73
124            </intent-filter>
125        </activity>
126
127        <service
127-->[com.google.android.datatransport:transport-backend-cct:3.0.0] AndroidManifest.xml:29:9-35:19
128            android:name="com.google.android.datatransport.runtime.backends.TransportBackendDiscovery"
128-->[com.google.android.datatransport:transport-backend-cct:3.0.0] AndroidManifest.xml:30:13-103
129            android:exported="false" >
129-->[com.google.android.datatransport:transport-backend-cct:3.0.0] AndroidManifest.xml:31:13-37
130            <meta-data
130-->[com.google.android.datatransport:transport-backend-cct:3.0.0] AndroidManifest.xml:32:13-34:39
131                android:name="backend:com.google.android.datatransport.cct.CctBackendFactory"
131-->[com.google.android.datatransport:transport-backend-cct:3.0.0] AndroidManifest.xml:33:17-94
132                android:value="cct" />
132-->[com.google.android.datatransport:transport-backend-cct:3.0.0] AndroidManifest.xml:34:17-36
133        </service>
134
135        <provider
135-->[com.google.firebase:firebase-common:20.0.0] AndroidManifest.xml:26:9-31:39
136            android:name="com.google.firebase.provider.FirebaseInitProvider"
136-->[com.google.firebase:firebase-common:20.0.0] AndroidManifest.xml:27:13-77
137            android:authorities="com.fcmnotify.firebaseinitprovider"
137-->[com.google.firebase:firebase-common:20.0.0] AndroidManifest.xml:28:13-72
138            android:directBootAware="true"
138-->[com.google.firebase:firebase-common:20.0.0] AndroidManifest.xml:29:13-43
139            android:exported="false"
139-->[com.google.firebase:firebase-common:20.0.0] AndroidManifest.xml:30:13-37
140            android:initOrder="100" />
140-->[com.google.firebase:firebase-common:20.0.0] AndroidManifest.xml:31:13-36
141
142        <service
142-->[com.google.android.datatransport:transport-runtime:3.0.0] AndroidManifest.xml:26:9-30:19
143            android:name="com.google.android.datatransport.runtime.scheduling.jobscheduling.JobInfoSchedulerService"
143-->[com.google.android.datatransport:transport-runtime:3.0.0] AndroidManifest.xml:27:13-117
144            android:exported="false"
144-->[com.google.android.datatransport:transport-runtime:3.0.0] AndroidManifest.xml:28:13-37
145            android:permission="android.permission.BIND_JOB_SERVICE" >
145-->[com.google.android.datatransport:transport-runtime:3.0.0] AndroidManifest.xml:29:13-69
146        </service>
147
148        <receiver
148-->[com.google.android.datatransport:transport-runtime:3.0.0] AndroidManifest.xml:32:9-34:40
149            android:name="com.google.android.datatransport.runtime.scheduling.jobscheduling.AlarmManagerSchedulerBroadcastReceiver"
149-->[com.google.android.datatransport:transport-runtime:3.0.0] AndroidManifest.xml:33:13-132
150            android:exported="false" />
150-->[com.google.android.datatransport:transport-runtime:3.0.0] AndroidManifest.xml:34:13-37
151        <!--
152             Receives GooglePlay execution requests and forwards them to the
153             appropriate internal service.
154        -->
155        <service
155-->[com.firebase:firebase-jobdispatcher:0.8.5] AndroidManifest.xml:32:9-39:19
156            android:name="com.firebase.jobdispatcher.GooglePlayReceiver"
156-->[com.firebase:firebase-jobdispatcher:0.8.5] AndroidManifest.xml:33:13-73
157            android:exported="true"
157-->[com.firebase:firebase-jobdispatcher:0.8.5] AndroidManifest.xml:34:13-36
158            android:permission="com.google.android.gms.permission.BIND_NETWORK_TASK_SERVICE" >
158-->[com.firebase:firebase-jobdispatcher:0.8.5] AndroidManifest.xml:35:13-93
159            <intent-filter>
159-->[com.firebase:firebase-jobdispatcher:0.8.5] AndroidManifest.xml:36:13-38:29
160                <action android:name="com.google.android.gms.gcm.ACTION_TASK_READY" />
160-->[com.firebase:firebase-jobdispatcher:0.8.5] AndroidManifest.xml:37:17-87
160-->[com.firebase:firebase-jobdispatcher:0.8.5] AndroidManifest.xml:37:25-84
161            </intent-filter>
162        </service>
163
164        <receiver
164-->[com.google.android.gms:play-services-measurement:19.0.0] AndroidManifest.xml:29:9-33:20
165            android:name="com.google.android.gms.measurement.AppMeasurementReceiver"
165-->[com.google.android.gms:play-services-measurement:19.0.0] AndroidManifest.xml:30:13-85
166            android:enabled="true"
166-->[com.google.android.gms:play-services-measurement:19.0.0] AndroidManifest.xml:31:13-35
167            android:exported="false" >
167-->[com.google.android.gms:play-services-measurement:19.0.0] AndroidManifest.xml:32:13-37
168        </receiver>
169
170        <service
170-->[com.google.android.gms:play-services-measurement:19.0.0] AndroidManifest.xml:35:9-38:40
171            android:name="com.google.android.gms.measurement.AppMeasurementService"
171-->[com.google.android.gms:play-services-measurement:19.0.0] AndroidManifest.xml:36:13-84
172            android:enabled="true"
172-->[com.google.android.gms:play-services-measurement:19.0.0] AndroidManifest.xml:37:13-35
173            android:exported="false" />
173-->[com.google.android.gms:play-services-measurement:19.0.0] AndroidManifest.xml:38:13-37
174        <service
174-->[com.google.android.gms:play-services-measurement:19.0.0] AndroidManifest.xml:39:9-43:72
175            android:name="com.google.android.gms.measurement.AppMeasurementJobService"
175-->[com.google.android.gms:play-services-measurement:19.0.0] AndroidManifest.xml:40:13-87
176            android:enabled="true"
176-->[com.google.android.gms:play-services-measurement:19.0.0] AndroidManifest.xml:41:13-35
177            android:exported="false"
177-->[com.google.android.gms:play-services-measurement:19.0.0] AndroidManifest.xml:42:13-37
178            android:permission="android.permission.BIND_JOB_SERVICE" />
178-->[com.google.android.gms:play-services-measurement:19.0.0] AndroidManifest.xml:43:13-69
179
180        <meta-data
180-->[com.google.android.gms:play-services-basement:17.0.0] AndroidManifest.xml:23:9-25:69
181            android:name="com.google.android.gms.version"
181-->[com.google.android.gms:play-services-basement:17.0.0] AndroidManifest.xml:24:13-58
182            android:value="@integer/google_play_services_version" />
182-->[com.google.android.gms:play-services-basement:17.0.0] AndroidManifest.xml:25:13-66
183
184        <provider
184-->[androidx.lifecycle:lifecycle-process:2.0.0] AndroidManifest.xml:23:9-27:43
185            android:name="androidx.lifecycle.ProcessLifecycleOwnerInitializer"
185-->[androidx.lifecycle:lifecycle-process:2.0.0] AndroidManifest.xml:24:13-79
186            android:authorities="com.fcmnotify.lifecycle-process"
186-->[androidx.lifecycle:lifecycle-process:2.0.0] AndroidManifest.xml:25:13-69
187            android:exported="false"
187-->[androidx.lifecycle:lifecycle-process:2.0.0] AndroidManifest.xml:26:13-37
188            android:multiprocess="true" />
188-->[androidx.lifecycle:lifecycle-process:2.0.0] AndroidManifest.xml:27:13-40
189    </application>
190
191</manifest>